This file contains any messages produced by compilers while
running configure, to aid debugging if configure makes a mistake.

It was created by ta-lib configure 0.4.0, which was
generated by GNU Autoconf 2.69.  Invocation command line was

  $ ./configure --prefix=/usr

## --------- ##
## Platform. ##
## --------- ##

hostname = dewe-System-Product-Name
uname -m = x86_64
uname -r = 5.8.0-59-generic
uname -s = Linux
uname -v = #66~20.04.1-Ubuntu SMP Thu Jun 17 11:14:10 UTC 2021

/usr/bin/uname -p = x86_64
/bin/uname -X     = unknown

/bin/arch              = x86_64
/usr/bin/arch -k       = unknown
/usr/convex/getsysinfo = unknown
/usr/bin/hostinfo      = unknown
/bin/machine           = unknown
/usr/bin/oslevel       = unknown
/bin/universe          = unknown

PATH: /usr/local/sbin
PATH: /usr/local/bin
PATH: /usr/sbin
PATH: /usr/bin
PATH: /sbin
PATH: /bin
PATH: /snap/bin


## ----------- ##
## Core tests. ##
## ----------- ##

configure:2330: checking for a BSD-compatible install
configure:2398: result: /usr/bin/install -c
configure:2409: checking whether build environment is sane
configure:2464: result: yes
configure:2613: checking for a thread-safe mkdir -p
configure:2652: result: /usr/bin/mkdir -p
configure:2659: checking for gawk
configure:2689: result: no
configure:2659: checking for mawk
configure:2675: found /usr/bin/mawk
configure:2686: result: mawk
configure:2697: checking whether make sets $(MAKE)
configure:2719: result: yes
configure:2748: checking whether make supports nested variables
configure:2765: result: yes
configure:2942: checking for gcc
configure:2958: found /usr/bin/gcc
configure:2969: result: gcc
configure:3198: checking for C compiler version
configure:3207: gcc --version >&5
gcc (Ubuntu 9.3.0-17ubuntu1~20.04) 9.3.0
Copyright (C) 2019 Free Software Foundation, Inc.
This is free software; see the source for copying conditions.  There is NO
warranty; not even for MERCHANTABILITY or FITNESS FOR A PARTICULAR PURPOSE.

configure:3218: $? = 0
configure:3207: gcc -v >&5
Using built-in specs.
COLLECT_GCC=gcc
COLLECT_LTO_WRAPPER=/usr/lib/gcc/x86_64-linux-gnu/9/lto-wrapper
OFFLOAD_TARGET_NAMES=nvptx-none:hsa
OFFLOAD_TARGET_DEFAULT=1
Target: x86_64-linux-gnu
Configured with: ../src/configure -v --with-pkgversion='Ubuntu 9.3.0-17ubuntu1~20.04' --with-bugurl=file:///usr/share/doc/gcc-9/README.Bugs --enable-languages=c,ada,c++,go,brig,d,fortran,objc,obj-c++,gm2 --prefix=/usr --with-gcc-major-version-only --program-suffix=-9 --program-prefix=x86_64-linux-gnu- --enable-shared --enable-linker-build-id --libexecdir=/usr/lib --without-included-gettext --enable-threads=posix --libdir=/usr/lib --enable-nls --enable-clocale=gnu --enable-libstdcxx-debug --enable-libstdcxx-time=yes --with-default-libstdcxx-abi=new --enable-gnu-unique-object --disable-vtable-verify --enable-plugin --enable-default-pie --with-system-zlib --with-target-system-zlib=auto --enable-objc-gc=auto --enable-multiarch --disable-werror --with-arch-32=i686 --with-abi=m64 --with-multilib-list=m32,m64,mx32 --enable-multilib --with-tune=generic --enable-offload-targets=nvptx-none=/build/gcc-9-HskZEa/gcc-9-9.3.0/debian/tmp-nvptx/usr,hsa --without-cuda-driver --enable-checking=release --build=x86_64-linux-gnu --host=x86_64-linux-gnu --target=x86_64-linux-gnu
Thread model: posix
gcc version 9.3.0 (Ubuntu 9.3.0-17ubuntu1~20.04) 
configure:3218: $? = 0
configure:3207: gcc -V >&5
gcc: error: unrecognized command line option '-V'
gcc: fatal error: no input files
compilation terminated.
configure:3218: $? = 1
configure:3207: gcc -qversion >&5
gcc: error: unrecognized command line option '-qversion'; did you mean '--version'?
gcc: fatal error: no input files
compilation terminated.
configure:3218: $? = 1
configure:3238: checking whether the C compiler works
configure:3260: gcc    conftest.c  >&5
configure:3264: $? = 0
configure:3312: result: yes
configure:3315: checking for C compiler default output file name
configure:3317: result: a.out
configure:3323: checking for suffix of executables
configure:3330: gcc -o conftest    conftest.c  >&5
configure:3334: $? = 0
configure:3356: result: 
configure:3378: checking whether we are cross compiling
configure:3386: gcc -o conftest    conftest.c  >&5
configure:3390: $? = 0
configure:3397: ./conftest
configure:3401: $? = 0
configure:3389: result: no
configure:3394: checking for suffix of object files
configure:3416: gcc -c   conftest.c >&5
configure:3420: $? = 0
configure:3441: result: o
configure:3445: checking whether we are using the GNU C compiler
configure:3464: gcc -c   conftest.c >&5
configure:3464: $? = 0
configure:3473: result: yes
configure:3482: checking whether gcc accepts -g
configure:3502: gcc -c -g  conftest.c >&5
configure:3502: $? = 0
configure:3543: result: yes
configure:3560: checking for gcc option to accept ISO C89
configure:3623: gcc  -c -g -O2  conftest.c >&5
configure:3623: $? = 0
configure:3636: result: none needed
configure:3661: checking whether gcc understands -c and -o together
configure:3683: gcc -c conftest.c -o conftest2.o
configure:3686: $? = 0
configure:3683: gcc -c conftest.c -o conftest2.o
configure:3686: $? = 0
configure:3698: result: yes
configure:3718: checking whether make supports the include directive
configure:3733: make -f confmf.GNU && cat confinc.out
this is the am__doit target
configure:3736: $? = 0
configure:3755: result: yes (GNU style)
configure:3780: checking dependency style of gcc
configure:3891: result: gcc3
configure:3935: checking build system type
configure:3949: result: x86_64-unknown-linux-gnu
configure:3969: checking host system type
configure:3982: result: x86_64-unknown-linux-gnu
configure:4023: checking how to print strings
configure:4050: result: printf
configure:4071: checking for a sed that does not truncate output
configure:4135: result: /usr/bin/sed
configure:4153: checking for grep that handles long lines and -e
configure:4211: result: /usr/bin/grep
configure:4216: checking for egrep
configure:4278: result: /usr/bin/grep -E
configure:4283: checking for fgrep
configure:4345: result: /usr/bin/grep -F
configure:4380: checking for ld used by gcc
configure:4447: result: /usr/bin/ld
configure:4454: checking if the linker (/usr/bin/ld) is GNU ld
configure:4469: result: yes
configure:4481: checking for BSD- or MS-compatible name lister (nm)
configure:4535: result: /usr/bin/nm -B
configure:4665: checking the name lister (/usr/bin/nm -B) interface
configure:4672: gcc -c -g -O2  conftest.c >&5
configure:4675: /usr/bin/nm -B "conftest.o"
configure:4678: output
0000000000000000 B some_variable
configure:4679: result: BSD nm
configure:4682: checking whether ln -s works
configure:4686: result: yes
configure:4694: checking the maximum length of command line arguments
configure:4825: result: 1572864
configure:4873: checking how to convert x86_64-unknown-linux-gnu file names to x86_64-unknown-linux-gnu format
configure:4913: result: func_convert_file_noop
configure:4920: checking how to convert x86_64-unknown-linux-gnu file names to toolchain format
configure:4940: result: func_convert_file_noop
configure:4947: checking for /usr/bin/ld option to reload object files
configure:4954: result: -r
configure:5028: checking for objdump
configure:5044: found /usr/bin/objdump
configure:5055: result: objdump
configure:5087: checking how to recognize dependent libraries
configure:5287: result: pass_all
configure:5372: checking for dlltool
configure:5402: result: no
configure:5432: checking how to associate runtime and link libraries
configure:5459: result: printf %s\n
configure:5520: checking for ar
configure:5536: found /usr/bin/ar
configure:5547: result: ar
configure:5584: checking for archiver @FILE support
configure:5601: gcc -c -g -O2  conftest.c >&5
configure:5601: $? = 0
configure:5604: ar cr libconftest.a @conftest.lst >&5
configure:5607: $? = 0
configure:5612: ar cr libconftest.a @conftest.lst >&5
ar: conftest.o: No such file or directory
configure:5615: $? = 1
configure:5614: result: @
configure:5672: checking for strip
configure:5688: found /usr/bin/strip
configure:5699: result: strip
configure:5771: checking for ranlib
configure:5787: found /usr/bin/ranlib
configure:5798: result: ranlib
configure:5900: checking command to parse /usr/bin/nm -B output from gcc object
configure:6053: gcc -c -g -O2  conftest.c >&5
configure:6056: $? = 0
configure:6060: /usr/bin/nm -B conftest.o | sed -n -e 's/^.*[	 ]\([ABCDGIRSTW][ABCDGIRSTW]*\)[	 ][	 ]*\([_A-Za-z][_A-Za-z0-9]*\)$/\1 \2 \2/p' | sed '/ __gnu_lto/d' > conftest.nm
configure:6126: gcc -o conftest -g -O2   conftest.c conftstm.o >&5
configure:6129: $? = 0
configure:6167: result: ok
configure:6214: checking for sysroot
configure:6244: result: no
configure:6251: checking for a working dd
configure:6289: result: /usr/bin/dd
configure:6293: checking how to truncate binary pipes
configure:6308: result: /usr/bin/dd bs=4096 count=1
configure:6444: gcc -c -g -O2  conftest.c >&5
configure:6447: $? = 0
configure:6637: checking for mt
configure:6653: found /usr/bin/mt
configure:6664: result: mt
configure:6687: checking if mt is a manifest tool
configure:6693: mt '-?'
configure:6701: result: no
configure:7378: checking how to run the C preprocessor
configure:7409: gcc -E  conftest.c
configure:7409: $? = 0
configure:7423: gcc -E  conftest.c
conftest.c:11:10: fatal error: ac_nonexistent.h: No such file or directory
   11 | #include <ac_nonexistent.h>
      |          ^~~~~~~~~~~~~~~~~~
compilation terminated.
configure:7423: $? = 1
configure: failed program was:
| /* confdefs.h */
| #define PACKAGE_NAME "ta-lib"
| #define PACKAGE_TARNAME "ta-lib"
| #define PACKAGE_VERSION "0.4.0"
| #define PACKAGE_STRING "ta-lib 0.4.0"
| #define PACKAGE_BUGREPORT "http://sourceforge.net/tracker/?group_id=8903&atid=108903"
| #define PACKAGE_URL ""
| #define PACKAGE "ta-lib"
| #define VERSION "0.4.0"
| /* end confdefs.h.  */
| #include <ac_nonexistent.h>
configure:7448: result: gcc -E
configure:7468: gcc -E  conftest.c
configure:7468: $? = 0
configure:7482: gcc -E  conftest.c
conftest.c:11:10: fatal error: ac_nonexistent.h: No such file or directory
   11 | #include <ac_nonexistent.h>
      |          ^~~~~~~~~~~~~~~~~~
compilation terminated.
configure:7482: $? = 1
configure: failed program was:
| /* confdefs.h */
| #define PACKAGE_NAME "ta-lib"
| #define PACKAGE_TARNAME "ta-lib"
| #define PACKAGE_VERSION "0.4.0"
| #define PACKAGE_STRING "ta-lib 0.4.0"
| #define PACKAGE_BUGREPORT "http://sourceforge.net/tracker/?group_id=8903&atid=108903"
| #define PACKAGE_URL ""
| #define PACKAGE "ta-lib"
| #define VERSION "0.4.0"
| /* end confdefs.h.  */
| #include <ac_nonexistent.h>
configure:7511: checking for ANSI C header files
configure:7531: gcc -c -g -O2  conftest.c >&5
configure:7531: $? = 0
configure:7604: gcc -o conftest -g -O2   conftest.c  >&5
configure:7604: $? = 0
configure:7604: ./conftest
configure:7604: $? = 0
configure:7615: result: yes
configure:7628: checking for sys/types.h
configure:7628: gcc -c -g -O2  conftest.c >&5
configure:7628: $? = 0
configure:7628: result: yes
configure:7628: checking for sys/stat.h
configure:7628: gcc -c -g -O2  conftest.c >&5
configure:7628: $? = 0
configure:7628: result: yes
configure:7628: checking for stdlib.h
configure:7628: gcc -c -g -O2  conftest.c >&5
configure:7628: $? = 0
configure:7628: result: yes
configure:7628: checking for string.h
configure:7628: gcc -c -g -O2  conftest.c >&5
configure:7628: $? = 0
configure:7628: result: yes
configure:7628: checking for memory.h
configure:7628: gcc -c -g -O2  conftest.c >&5
configure:7628: $? = 0
configure:7628: result: yes
configure:7628: checking for strings.h
configure:7628: gcc -c -g -O2  conftest.c >&5
configure:7628: $? = 0
configure:7628: result: yes
configure:7628: checking for inttypes.h
configure:7628: gcc -c -g -O2  conftest.c >&5
configure:7628: $? = 0
configure:7628: result: yes
configure:7628: checking for stdint.h
configure:7628: gcc -c -g -O2  conftest.c >&5
configure:7628: $? = 0
configure:7628: result: yes
configure:7628: checking for unistd.h
configure:7628: gcc -c -g -O2  conftest.c >&5
configure:7628: $? = 0
configure:7628: result: yes
configure:7642: checking for dlfcn.h
configure:7642: gcc -c -g -O2  conftest.c >&5
configure:7642: $? = 0
configure:7642: result: yes
configure:7898: checking for objdir
configure:7913: result: .libs
configure:8173: checking if gcc supports -fno-rtti -fno-exceptions
configure:8191: gcc -c -g -O2  -fno-rtti -fno-exceptions conftest.c >&5
cc1: warning: command line option '-fno-rtti' is valid for C++/D/ObjC++ but not for C
configure:8195: $? = 0
configure:8208: result: no
configure:8572: checking for gcc option to produce PIC
configure:8579: result: -fPIC -DPIC
configure:8587: checking if gcc PIC flag -fPIC -DPIC works
configure:8605: gcc -c -g -O2  -fPIC -DPIC -DPIC conftest.c >&5
configure:8609: $? = 0
configure:8622: result: yes
configure:8651: checking if gcc static flag -static works
configure:8679: result: yes
configure:8694: checking if gcc supports -c -o file.o
configure:8715: gcc -c -g -O2  -o out/conftest2.o conftest.c >&5
configure:8719: $? = 0
configure:8741: result: yes
configure:8749: checking if gcc supports -c -o file.o
configure:8796: result: yes
configure:8829: checking whether the gcc linker (/usr/bin/ld -m elf_x86_64) supports shared libraries
configure:10092: result: yes
configure:10129: checking whether -lc should be explicitly linked in
configure:10137: gcc -c -g -O2  conftest.c >&5
configure:10140: $? = 0
configure:10155: gcc -shared  -fPIC -DPIC conftest.o  -v -Wl,-soname -Wl,conftest -o conftest 2\>\&1 \| /usr/bin/grep  -lc  \>/dev/null 2\>\&1
configure:10158: $? = 0
configure:10172: result: no
configure:10332: checking dynamic linker characteristics
configure:10913: gcc -o conftest -g -O2   -Wl,-rpath -Wl,/foo conftest.c  >&5
configure:10913: $? = 0
configure:11162: result: GNU/Linux ld.so
configure:11284: checking how to hardcode library paths into programs
configure:11309: result: immediate
configure:11857: checking whether stripping libraries is possible
configure:11862: result: yes
configure:11897: checking if libtool supports shared libraries
configure:11899: result: yes
configure:11902: checking whether to build shared libraries
configure:11927: result: yes
configure:11930: checking whether to build static libraries
configure:11934: result: yes
configure:8749: checking for dlopen in -ldl
configure:8774: gcc -o conftest -g -O2   conftest.c -ldl   >&5
configure:8774: $? = 0
configure:8783: result: yes
configure:8794: checking for pthread_create in -lpthread
configure:8819: gcc -o conftest -g -O2   conftest.c -lpthread  -ldl  >&5
configure:8819: $? = 0
configure:8828: result: yes
configure:8841: checking for ANSI C header files
configure:8945: result: yes
configure:8956: checking float.h usability
configure:8956: gcc -c -g -O2  conftest.c >&5
configure:8956: $? = 0
configure:8956: result: yes
configure:8956: checking float.h presence
configure:8956: gcc -E  conftest.c
configure:8956: $? = 0
configure:8956: result: yes
configure:8956: checking for float.h
configure:8956: result: yes
configure:8956: checking for inttypes.h
configure:8956: result: yes
configure:8956: checking limits.h usability
configure:8956: gcc -c -g -O2  conftest.c >&5
configure:8956: $? = 0
configure:8956: result: yes
configure:8956: checking limits.h presence
configure:8956: gcc -E  conftest.c
configure:8956: $? = 0
configure:8956: result: yes
configure:8956: checking for limits.h
configure:8956: result: yes
configure:8956: checking locale.h usability
configure:8956: gcc -c -g -O2  conftest.c >&5
configure:8956: $? = 0
configure:8956: result: yes
configure:8956: checking locale.h presence
configure:8956: gcc -E  conftest.c
configure:8956: $? = 0
configure:8956: result: yes
configure:8956: checking for locale.h
configure:8956: result: yes
configure:8956: checking stddef.h usability
configure:8956: gcc -c -g -O2  conftest.c >&5
configure:8956: $? = 0
configure:8956: result: yes
configure:8956: checking stddef.h presence
configure:8956: gcc -E  conftest.c
configure:8956: $? = 0
configure:8956: result: yes
configure:8956: checking for stddef.h
configure:8956: result: yes
configure:8956: checking for stdint.h
configure:8956: result: yes
configure:8956: checking for stdlib.h
configure:8956: result: yes
configure:8956: checking for string.h
configure:8956: result: yes
configure:8956: checking for unistd.h
configure:8956: result: yes
configure:8956: checking wchar.h usability
configure:8956: gcc -c -g -O2  conftest.c >&5
configure:8956: $? = 0
configure:8956: result: yes
configure:8956: checking wchar.h presence
configure:8956: gcc -E  conftest.c
configure:8956: $? = 0
configure:8956: result: yes
configure:8956: checking for wchar.h
configure:8956: result: yes
configure:8956: checking wctype.h usability
configure:8956: gcc -c -g -O2  conftest.c >&5
configure:8956: $? = 0
configure:8956: result: yes
configure:8956: checking wctype.h presence
configure:8956: gcc -E  conftest.c
configure:8956: $? = 0
configure:8956: result: yes
configure:8956: checking for wctype.h
configure:8956: result: yes
configure:8968: checking for an ANSI C-conforming const
configure:9034: gcc -c -g -O2  conftest.c >&5
configure:9034: $? = 0
configure:9041: result: yes
configure:9049: checking for size_t
configure:9049: gcc -c -g -O2  conftest.c >&5
configure:9049: $? = 0
configure:9049: gcc -c -g -O2  conftest.c >&5
conftest.c: In function 'main':
conftest.c:73:21: error: expected expression before ')' token
   73 | if (sizeof ((size_t)))
      |                     ^
configure:9049: $? = 1
configure: failed program was:
| /* confdefs.h */
| #define PACKAGE_NAME "ta-lib"
| #define PACKAGE_TARNAME "ta-lib"
| #define PACKAGE_VERSION "0.4.0"
| #define PACKAGE_STRING "ta-lib 0.4.0"
| #define PACKAGE_BUGREPORT "http://sourceforge.net/tracker/?group_id=8903&atid=108903"
| #define PACKAGE_URL ""
| #define PACKAGE "ta-lib"
| #define VERSION "0.4.0"
| #define STDC_HEADERS 1
| #define HAVE_SYS_TYPES_H 1
| #define HAVE_SYS_STAT_H 1
| #define HAVE_STDLIB_H 1
| #define HAVE_STRING_H 1
| #define HAVE_MEMORY_H 1
| #define HAVE_STRINGS_H 1
| #define HAVE_INTTYPES_H 1
| #define HAVE_STDINT_H 1
| #define HAVE_UNISTD_H 1
| #define HAVE_DLFCN_H 1
| #define LT_OBJDIR ".libs/"
| #define HAVE_LIBDL 1
| #define HAVE_LIBPTHREAD 1
| #define STDC_HEADERS 1
| #define HAVE_FLOAT_H 1
| #define HAVE_INTTYPES_H 1
| #define HAVE_LIMITS_H 1
| #define HAVE_LOCALE_H 1
| #define HAVE_STDDEF_H 1
| #define HAVE_STDINT_H 1
| #define HAVE_STDLIB_H 1
| #define HAVE_STRING_H 1
| #define HAVE_UNISTD_H 1
| #define HAVE_WCHAR_H 1
| #define HAVE_WCTYPE_H 1
| /* end confdefs.h.  */
| #include <stdio.h>
| #ifdef HAVE_SYS_TYPES_H
| # include <sys/types.h>
| #endif
| #ifdef HAVE_SYS_STAT_H
| # include <sys/stat.h>
| #endif
| #ifdef STDC_HEADERS
| # include <stdlib.h>
| # include <stddef.h>
| #else
| # ifdef HAVE_STDLIB_H
| #  include <stdlib.h>
| # endif
| #endif
| #ifdef HAVE_STRING_H
| # if !defined STDC_HEADERS && defined HAVE_MEMORY_H
| #  include <memory.h>
| # endif
| # include <string.h>
| #endif
| #ifdef HAVE_STRINGS_H
| # include <strings.h>
| #endif
| #ifdef HAVE_INTTYPES_H
| # include <inttypes.h>
| #endif
| #ifdef HAVE_STDINT_H
| # include <stdint.h>
| #endif
| #ifdef HAVE_UNISTD_H
| # include <unistd.h>
| #endif
| int
| main ()
| {
| if (sizeof ((size_t)))
| 	    return 0;
|   ;
|   return 0;
| }
configure:9049: result: yes
configure:9060: checking whether struct tm is in sys/time.h or time.h
configure:9080: gcc -c -g -O2  conftest.c >&5
configure:9080: $? = 0
configure:9087: result: time.h
configure:9095: checking for working volatile
configure:9114: gcc -c -g -O2  conftest.c >&5
configure:9114: $? = 0
configure:9121: result: yes
configure:9129: checking for ptrdiff_t
configure:9129: gcc -c -g -O2  conftest.c >&5
configure:9129: $? = 0
configure:9129: gcc -c -g -O2  conftest.c >&5
conftest.c: In function 'main':
conftest.c:73:24: error: expected expression before ')' token
   73 | if (sizeof ((ptrdiff_t)))
      |                        ^
configure:9129: $? = 1
configure: failed program was:
| /* confdefs.h */
| #define PACKAGE_NAME "ta-lib"
| #define PACKAGE_TARNAME "ta-lib"
| #define PACKAGE_VERSION "0.4.0"
| #define PACKAGE_STRING "ta-lib 0.4.0"
| #define PACKAGE_BUGREPORT "http://sourceforge.net/tracker/?group_id=8903&atid=108903"
| #define PACKAGE_URL ""
| #define PACKAGE "ta-lib"
| #define VERSION "0.4.0"
| #define STDC_HEADERS 1
| #define HAVE_SYS_TYPES_H 1
| #define HAVE_SYS_STAT_H 1
| #define HAVE_STDLIB_H 1
| #define HAVE_STRING_H 1
| #define HAVE_MEMORY_H 1
| #define HAVE_STRINGS_H 1
| #define HAVE_INTTYPES_H 1
| #define HAVE_STDINT_H 1
| #define HAVE_UNISTD_H 1
| #define HAVE_DLFCN_H 1
| #define LT_OBJDIR ".libs/"
| #define HAVE_LIBDL 1
| #define HAVE_LIBPTHREAD 1
| #define STDC_HEADERS 1
| #define HAVE_FLOAT_H 1
| #define HAVE_INTTYPES_H 1
| #define HAVE_LIMITS_H 1
| #define HAVE_LOCALE_H 1
| #define HAVE_STDDEF_H 1
| #define HAVE_STDINT_H 1
| #define HAVE_STDLIB_H 1
| #define HAVE_STRING_H 1
| #define HAVE_UNISTD_H 1
| #define HAVE_WCHAR_H 1
| #define HAVE_WCTYPE_H 1
| /* end confdefs.h.  */
| #include <stdio.h>
| #ifdef HAVE_SYS_TYPES_H
| # include <sys/types.h>
| #endif
| #ifdef HAVE_SYS_STAT_H
| # include <sys/stat.h>
| #endif
| #ifdef STDC_HEADERS
| # include <stdlib.h>
| # include <stddef.h>
| #else
| # ifdef HAVE_STDLIB_H
| #  include <stdlib.h>
| # endif
| #endif
| #ifdef HAVE_STRING_H
| # if !defined STDC_HEADERS && defined HAVE_MEMORY_H
| #  include <memory.h>
| # endif
| # include <string.h>
| #endif
| #ifdef HAVE_STRINGS_H
| # include <strings.h>
| #endif
| #ifdef HAVE_INTTYPES_H
| # include <inttypes.h>
| #endif
| #ifdef HAVE_STDINT_H
| # include <stdint.h>
| #endif
| #ifdef HAVE_UNISTD_H
| # include <unistd.h>
| #endif
| int
| main ()
| {
| if (sizeof ((ptrdiff_t)))
| 	    return 0;
|   ;
|   return 0;
| }
configure:9129: result: yes
configure:9141: checking return type of signal handlers
configure:9159: gcc -c -g -O2  conftest.c >&5
conftest.c: In function 'main':
conftest.c:44:10: error: void value not ignored as it ought to be
   44 | return *(signal (0, 0)) (0) == 1;
      |         ~^~~~~~~~~~~~~~~~~~
configure:9159: $? = 1
configure: failed program was:
| /* confdefs.h */
| #define PACKAGE_NAME "ta-lib"
| #define PACKAGE_TARNAME "ta-lib"
| #define PACKAGE_VERSION "0.4.0"
| #define PACKAGE_STRING "ta-lib 0.4.0"
| #define PACKAGE_BUGREPORT "http://sourceforge.net/tracker/?group_id=8903&atid=108903"
| #define PACKAGE_URL ""
| #define PACKAGE "ta-lib"
| #define VERSION "0.4.0"
| #define STDC_HEADERS 1
| #define HAVE_SYS_TYPES_H 1
| #define HAVE_SYS_STAT_H 1
| #define HAVE_STDLIB_H 1
| #define HAVE_STRING_H 1
| #define HAVE_MEMORY_H 1
| #define HAVE_STRINGS_H 1
| #define HAVE_INTTYPES_H 1
| #define HAVE_STDINT_H 1
| #define HAVE_UNISTD_H 1
| #define HAVE_DLFCN_H 1
| #define LT_OBJDIR ".libs/"
| #define HAVE_LIBDL 1
| #define HAVE_LIBPTHREAD 1
| #define STDC_HEADERS 1
| #define HAVE_FLOAT_H 1
| #define HAVE_INTTYPES_H 1
| #define HAVE_LIMITS_H 1
| #define HAVE_LOCALE_H 1
| #define HAVE_STDDEF_H 1
| #define HAVE_STDINT_H 1
| #define HAVE_STDLIB_H 1
| #define HAVE_STRING_H 1
| #define HAVE_UNISTD_H 1
| #define HAVE_WCHAR_H 1
| #define HAVE_WCTYPE_H 1
| #define HAVE_PTRDIFF_T 1
| /* end confdefs.h.  */
| #include <sys/types.h>
| #include <signal.h>
| 
| int
| main ()
| {
| return *(signal (0, 0)) (0) == 1;
|   ;
|   return 0;
| }
configure:9166: result: void
configure:9174: checking for working strcoll
configure:9195: gcc -o conftest -g -O2   conftest.c -lpthread -ldl  >&5
configure:9195: $? = 0
configure:9195: ./conftest
configure:9195: $? = 0
configure:9205: result: yes
configure:9215: checking for strftime
configure:9215: gcc -o conftest -g -O2   conftest.c -lpthread -ldl  >&5
conftest.c:63:6: warning: conflicting types for built-in function 'strftime'; expected 'long unsigned int(char *, long unsigned int,  const char *, const void *)' [-Wbuiltin-declaration-mismatch]
   63 | char strftime ();
      |      ^~~~~~~~
conftest.c:51:1: note: 'strftime' is declared in header '<time.h>'
   50 | # include <limits.h>
   51 | #else
configure:9215: $? = 0
configure:9215: result: yes
configure:9268: checking for working strtod
configure:9309: gcc -o conftest -g -O2   conftest.c -lpthread -ldl  >&5
configure:9309: $? = 0
configure:9309: ./conftest
configure:9309: $? = 0
configure:9319: result: yes
configure:9383: checking for vprintf
configure:9383: gcc -o conftest -g -O2   conftest.c -lpthread -ldl  >&5
conftest.c:64:6: warning: conflicting types for built-in function 'vprintf'; expected 'int(const char *, __va_list_tag *)' [-Wbuiltin-declaration-mismatch]
   64 | char vprintf ();
      |      ^~~~~~~
conftest.c:52:1: note: 'vprintf' is declared in header '<stdio.h>'
   51 | # include <limits.h>
   52 | #else
configure:9383: $? = 0
configure:9383: result: yes
configure:9389: checking for _doprnt
configure:9389: gcc -o conftest -g -O2   conftest.c -lpthread -ldl  >&5
/usr/bin/ld: /tmp/ccYPklTF.o: in function `main':
/home/dewe/Downloads/ta-lib-0.4.0-src/ta-lib/conftest.c:76: undefined reference to `_doprnt'
collect2: error: ld returned 1 exit status
configure:9389: $? = 1
configure: failed program was:
| /* confdefs.h */
| #define PACKAGE_NAME "ta-lib"
| #define PACKAGE_TARNAME "ta-lib"
| #define PACKAGE_VERSION "0.4.0"
| #define PACKAGE_STRING "ta-lib 0.4.0"
| #define PACKAGE_BUGREPORT "http://sourceforge.net/tracker/?group_id=8903&atid=108903"
| #define PACKAGE_URL ""
| #define PACKAGE "ta-lib"
| #define VERSION "0.4.0"
| #define STDC_HEADERS 1
| #define HAVE_SYS_TYPES_H 1
| #define HAVE_SYS_STAT_H 1
| #define HAVE_STDLIB_H 1
| #define HAVE_STRING_H 1
| #define HAVE_MEMORY_H 1
| #define HAVE_STRINGS_H 1
| #define HAVE_INTTYPES_H 1
| #define HAVE_STDINT_H 1
| #define HAVE_UNISTD_H 1
| #define HAVE_DLFCN_H 1
| #define LT_OBJDIR ".libs/"
| #define HAVE_LIBDL 1
| #define HAVE_LIBPTHREAD 1
| #define STDC_HEADERS 1
| #define HAVE_FLOAT_H 1
| #define HAVE_INTTYPES_H 1
| #define HAVE_LIMITS_H 1
| #define HAVE_LOCALE_H 1
| #define HAVE_STDDEF_H 1
| #define HAVE_STDINT_H 1
| #define HAVE_STDLIB_H 1
| #define HAVE_STRING_H 1
| #define HAVE_UNISTD_H 1
| #define HAVE_WCHAR_H 1
| #define HAVE_WCTYPE_H 1
| #define HAVE_PTRDIFF_T 1
| #define RETSIGTYPE void
| #define HAVE_STRCOLL 1
| #define HAVE_STRFTIME 1
| #define HAVE_VPRINTF 1
| /* end confdefs.h.  */
| /* Define _doprnt to an innocuous variant, in case <limits.h> declares _doprnt.
|    For example, HP-UX 11i <limits.h> declares gettimeofday.  */
| #define _doprnt innocuous__doprnt
| 
| /* System header to define __stub macros and hopefully few prototypes,
|     which can conflict with char _doprnt (); below.
|     Prefer <limits.h> to <assert.h> if __STDC__ is defined, since
|     <limits.h> exists even on freestanding compilers.  */
| 
| #ifdef __STDC__
| # include <limits.h>
| #else
| # include <assert.h>
| #endif
| 
| #undef _doprnt
| 
| /* Override any GCC internal prototype to avoid an error.
|    Use char because int might match the return type of a GCC
|    builtin and then its argument prototype would still apply.  */
| #ifdef __cplusplus
| extern "C"
| #endif
| char _doprnt ();
| /* The GNU C library defines this for functions which it implements
|     to always fail with ENOSYS.  Some functions are actually named
|     something starting with __ and the normal name is an alias.  */
| #if defined __stub__doprnt || defined __stub____doprnt
| choke me
| #endif
| 
| int
| main ()
| {
| return _doprnt ();
|   ;
|   return 0;
| }
configure:9389: result: no
configure:9403: checking for floor
configure:9403: gcc -o conftest -g -O2   conftest.c -lpthread -ldl  >&5
conftest.c:65:6: warning: conflicting types for built-in function 'floor'; expected 'double(double)' [-Wbuiltin-declaration-mismatch]
   65 | char floor ();
      |      ^~~~~
conftest.c:53:1: note: 'floor' is declared in header '<math.h>'
   52 | # include <limits.h>
   53 | #else
/usr/bin/ld: /tmp/cc6ZsCM1.o: in function `main':
/home/dewe/Downloads/ta-lib-0.4.0-src/ta-lib/conftest.c:76: undefined reference to `floor'
collect2: error: ld returned 1 exit status
configure:9403: $? = 1
configure: failed program was:
| /* confdefs.h */
| #define PACKAGE_NAME "ta-lib"
| #define PACKAGE_TARNAME "ta-lib"
| #define PACKAGE_VERSION "0.4.0"
| #define PACKAGE_STRING "ta-lib 0.4.0"
| #define PACKAGE_BUGREPORT "http://sourceforge.net/tracker/?group_id=8903&atid=108903"
| #define PACKAGE_URL ""
| #define PACKAGE "ta-lib"
| #define VERSION "0.4.0"
| #define STDC_HEADERS 1
| #define HAVE_SYS_TYPES_H 1
| #define HAVE_SYS_STAT_H 1
| #define HAVE_STDLIB_H 1
| #define HAVE_STRING_H 1
| #define HAVE_MEMORY_H 1
| #define HAVE_STRINGS_H 1
| #define HAVE_INTTYPES_H 1
| #define HAVE_STDINT_H 1
| #define HAVE_UNISTD_H 1
| #define HAVE_DLFCN_H 1
| #define LT_OBJDIR ".libs/"
| #define HAVE_LIBDL 1
| #define HAVE_LIBPTHREAD 1
| #define STDC_HEADERS 1
| #define HAVE_FLOAT_H 1
| #define HAVE_INTTYPES_H 1
| #define HAVE_LIMITS_H 1
| #define HAVE_LOCALE_H 1
| #define HAVE_STDDEF_H 1
| #define HAVE_STDINT_H 1
| #define HAVE_STDLIB_H 1
| #define HAVE_STRING_H 1
| #define HAVE_UNISTD_H 1
| #define HAVE_WCHAR_H 1
| #define HAVE_WCTYPE_H 1
| #define HAVE_PTRDIFF_T 1
| #define RETSIGTYPE void
| #define HAVE_STRCOLL 1
| #define HAVE_STRFTIME 1
| #define HAVE_VPRINTF 1
| /* end confdefs.h.  */
| /* Define floor to an innocuous variant, in case <limits.h> declares floor.
|    For example, HP-UX 11i <limits.h> declares gettimeofday.  */
| #define floor innocuous_floor
| 
| /* System header to define __stub macros and hopefully few prototypes,
|     which can conflict with char floor (); below.
|     Prefer <limits.h> to <assert.h> if __STDC__ is defined, since
|     <limits.h> exists even on freestanding compilers.  */
| 
| #ifdef __STDC__
| # include <limits.h>
| #else
| # include <assert.h>
| #endif
| 
| #undef floor
| 
| /* Override any GCC internal prototype to avoid an error.
|    Use char because int might match the return type of a GCC
|    builtin and then its argument prototype would still apply.  */
| #ifdef __cplusplus
| extern "C"
| #endif
| char floor ();
| /* The GNU C library defines this for functions which it implements
|     to always fail with ENOSYS.  Some functions are actually named
|     something starting with __ and the normal name is an alias.  */
| #if defined __stub_floor || defined __stub___floor
| choke me
| #endif
| 
| int
| main ()
| {
| return floor ();
|   ;
|   return 0;
| }
configure:9403: result: no
configure:9403: checking for isascii
configure:9403: gcc -o conftest -g -O2   conftest.c -lpthread -ldl  >&5
conftest.c:65:6: warning: conflicting types for built-in function 'isascii'; expected 'int(int)' [-Wbuiltin-declaration-mismatch]
   65 | char isascii ();
      |      ^~~~~~~
configure:9403: $? = 0
configure:9403: result: yes
configure:9403: checking for localeconv
configure:9403: gcc -o conftest -g -O2   conftest.c -lpthread -ldl  >&5
configure:9403: $? = 0
configure:9403: result: yes
configure:9403: checking for mblen
configure:9403: gcc -o conftest -g -O2   conftest.c -lpthread -ldl  >&5
configure:9403: $? = 0
configure:9403: result: yes
configure:9403: checking for memmove
configure:9403: gcc -o conftest -g -O2   conftest.c -lpthread -ldl  >&5
conftest.c:68:6: warning: conflicting types for built-in function 'memmove'; expected 'void *(void *, const void *, long unsigned int)' [-Wbuiltin-declaration-mismatch]
   68 | char memmove ();
      |      ^~~~~~~
conftest.c:56:1: note: 'memmove' is declared in header '<string.h>'
   55 | # include <limits.h>
   56 | #else
configure:9403: $? = 0
configure:9403: result: yes
configure:9403: checking for memset
configure:9403: gcc -o conftest -g -O2   conftest.c -lpthread -ldl  >&5
conftest.c:69:6: warning: conflicting types for built-in function 'memset'; expected 'void *(void *, int,  long unsigned int)' [-Wbuiltin-declaration-mismatch]
   69 | char memset ();
      |      ^~~~~~
conftest.c:57:1: note: 'memset' is declared in header '<string.h>'
   56 | # include <limits.h>
   57 | #else
configure:9403: $? = 0
configure:9403: result: yes
configure:9403: checking for modf
configure:9403: gcc -o conftest -g -O2   conftest.c -lpthread -ldl  >&5
conftest.c:70:6: warning: conflicting types for built-in function 'modf'; expected 'double(double,  double *)' [-Wbuiltin-declaration-mismatch]
   70 | char modf ();
      |      ^~~~
conftest.c:58:1: note: 'modf' is declared in header '<math.h>'
   57 | # include <limits.h>
   58 | #else
configure:9403: $? = 0
configure:9403: result: yes
configure:9403: checking for pow
configure:9403: gcc -o conftest -g -O2   conftest.c -lpthread -ldl  >&5
conftest.c:71:6: warning: conflicting types for built-in function 'pow'; expected 'double(double,  double)' [-Wbuiltin-declaration-mismatch]
   71 | char pow ();
      |      ^~~
conftest.c:59:1: note: 'pow' is declared in header '<math.h>'
   58 | # include <limits.h>
   59 | #else
/usr/bin/ld: /tmp/ccoQrfE4.o: in function `main':
/home/dewe/Downloads/ta-lib-0.4.0-src/ta-lib/conftest.c:82: undefined reference to `pow'
collect2: error: ld returned 1 exit status
configure:9403: $? = 1
configure: failed program was:
| /* confdefs.h */
| #define PACKAGE_NAME "ta-lib"
| #define PACKAGE_TARNAME "ta-lib"
| #define PACKAGE_VERSION "0.4.0"
| #define PACKAGE_STRING "ta-lib 0.4.0"
| #define PACKAGE_BUGREPORT "http://sourceforge.net/tracker/?group_id=8903&atid=108903"
| #define PACKAGE_URL ""
| #define PACKAGE "ta-lib"
| #define VERSION "0.4.0"
| #define STDC_HEADERS 1
| #define HAVE_SYS_TYPES_H 1
| #define HAVE_SYS_STAT_H 1
| #define HAVE_STDLIB_H 1
| #define HAVE_STRING_H 1
| #define HAVE_MEMORY_H 1
| #define HAVE_STRINGS_H 1
| #define HAVE_INTTYPES_H 1
| #define HAVE_STDINT_H 1
| #define HAVE_UNISTD_H 1
| #define HAVE_DLFCN_H 1
| #define LT_OBJDIR ".libs/"
| #define HAVE_LIBDL 1
| #define HAVE_LIBPTHREAD 1
| #define STDC_HEADERS 1
| #define HAVE_FLOAT_H 1
| #define HAVE_INTTYPES_H 1
| #define HAVE_LIMITS_H 1
| #define HAVE_LOCALE_H 1
| #define HAVE_STDDEF_H 1
| #define HAVE_STDINT_H 1
| #define HAVE_STDLIB_H 1
| #define HAVE_STRING_H 1
| #define HAVE_UNISTD_H 1
| #define HAVE_WCHAR_H 1
| #define HAVE_WCTYPE_H 1
| #define HAVE_PTRDIFF_T 1
| #define RETSIGTYPE void
| #define HAVE_STRCOLL 1
| #define HAVE_STRFTIME 1
| #define HAVE_VPRINTF 1
| #define HAVE_ISASCII 1
| #define HAVE_LOCALECONV 1
| #define HAVE_MBLEN 1
| #define HAVE_MEMMOVE 1
| #define HAVE_MEMSET 1
| #define HAVE_MODF 1
| /* end confdefs.h.  */
| /* Define pow to an innocuous variant, in case <limits.h> declares pow.
|    For example, HP-UX 11i <limits.h> declares gettimeofday.  */
| #define pow innocuous_pow
| 
| /* System header to define __stub macros and hopefully few prototypes,
|     which can conflict with char pow (); below.
|     Prefer <limits.h> to <assert.h> if __STDC__ is defined, since
|     <limits.h> exists even on freestanding compilers.  */
| 
| #ifdef __STDC__
| # include <limits.h>
| #else
| # include <assert.h>
| #endif
| 
| #undef pow
| 
| /* Override any GCC internal prototype to avoid an error.
|    Use char because int might match the return type of a GCC
|    builtin and then its argument prototype would still apply.  */
| #ifdef __cplusplus
| extern "C"
| #endif
| char pow ();
| /* The GNU C library defines this for functions which it implements
|     to always fail with ENOSYS.  Some functions are actually named
|     something starting with __ and the normal name is an alias.  */
| #if defined __stub_pow || defined __stub___pow
| choke me
| #endif
| 
| int
| main ()
| {
| return pow ();
|   ;
|   return 0;
| }
configure:9403: result: no
configure:9403: checking for sqrt
configure:9403: gcc -o conftest -g -O2   conftest.c -lpthread -ldl  >&5
conftest.c:71:6: warning: conflicting types for built-in function 'sqrt'; expected 'double(double)' [-Wbuiltin-declaration-mismatch]
   71 | char sqrt ();
      |      ^~~~
conftest.c:59:1: note: 'sqrt' is declared in header '<math.h>'
   58 | # include <limits.h>
   59 | #else
/usr/bin/ld: /tmp/ccPWeqeq.o: in function `main':
/home/dewe/Downloads/ta-lib-0.4.0-src/ta-lib/conftest.c:82: undefined reference to `sqrt'
collect2: error: ld returned 1 exit status
configure:9403: $? = 1
configure: failed program was:
| /* confdefs.h */
| #define PACKAGE_NAME "ta-lib"
| #define PACKAGE_TARNAME "ta-lib"
| #define PACKAGE_VERSION "0.4.0"
| #define PACKAGE_STRING "ta-lib 0.4.0"
| #define PACKAGE_BUGREPORT "http://sourceforge.net/tracker/?group_id=8903&atid=108903"
| #define PACKAGE_URL ""
| #define PACKAGE "ta-lib"
| #define VERSION "0.4.0"
| #define STDC_HEADERS 1
| #define HAVE_SYS_TYPES_H 1
| #define HAVE_SYS_STAT_H 1
| #define HAVE_STDLIB_H 1
| #define HAVE_STRING_H 1
| #define HAVE_MEMORY_H 1
| #define HAVE_STRINGS_H 1
| #define HAVE_INTTYPES_H 1
| #define HAVE_STDINT_H 1
| #define HAVE_UNISTD_H 1
| #define HAVE_DLFCN_H 1
| #define LT_OBJDIR ".libs/"
| #define HAVE_LIBDL 1
| #define HAVE_LIBPTHREAD 1
| #define STDC_HEADERS 1
| #define HAVE_FLOAT_H 1
| #define HAVE_INTTYPES_H 1
| #define HAVE_LIMITS_H 1
| #define HAVE_LOCALE_H 1
| #define HAVE_STDDEF_H 1
| #define HAVE_STDINT_H 1
| #define HAVE_STDLIB_H 1
| #define HAVE_STRING_H 1
| #define HAVE_UNISTD_H 1
| #define HAVE_WCHAR_H 1
| #define HAVE_WCTYPE_H 1
| #define HAVE_PTRDIFF_T 1
| #define RETSIGTYPE void
| #define HAVE_STRCOLL 1
| #define HAVE_STRFTIME 1
| #define HAVE_VPRINTF 1
| #define HAVE_ISASCII 1
| #define HAVE_LOCALECONV 1
| #define HAVE_MBLEN 1
| #define HAVE_MEMMOVE 1
| #define HAVE_MEMSET 1
| #define HAVE_MODF 1
| /* end confdefs.h.  */
| /* Define sqrt to an innocuous variant, in case <limits.h> declares sqrt.
|    For example, HP-UX 11i <limits.h> declares gettimeofday.  */
| #define sqrt innocuous_sqrt
| 
| /* System header to define __stub macros and hopefully few prototypes,
|     which can conflict with char sqrt (); below.
|     Prefer <limits.h> to <assert.h> if __STDC__ is defined, since
|     <limits.h> exists even on freestanding compilers.  */
| 
| #ifdef __STDC__
| # include <limits.h>
| #else
| # include <assert.h>
| #endif
| 
| #undef sqrt
| 
| /* Override any GCC internal prototype to avoid an error.
|    Use char because int might match the return type of a GCC
|    builtin and then its argument prototype would still apply.  */
| #ifdef __cplusplus
| extern "C"
| #endif
| char sqrt ();
| /* The GNU C library defines this for functions which it implements
|     to always fail with ENOSYS.  Some functions are actually named
|     something starting with __ and the normal name is an alias.  */
| #if defined __stub_sqrt || defined __stub___sqrt
| choke me
| #endif
| 
| int
| main ()
| {
| return sqrt ();
|   ;
|   return 0;
| }
configure:9403: result: no
configure:9403: checking for strcasecmp
configure:9403: gcc -o conftest -g -O2   conftest.c -lpthread -ldl  >&5
conftest.c:71:6: warning: conflicting types for built-in function 'strcasecmp'; expected 'int(const char *, const char *)' [-Wbuiltin-declaration-mismatch]
   71 | char strcasecmp ();
      |      ^~~~~~~~~~
configure:9403: $? = 0
configure:9403: result: yes
configure:9403: checking for strchr
configure:9403: gcc -o conftest -g -O2   conftest.c -lpthread -ldl  >&5
conftest.c:72:6: warning: conflicting types for built-in function 'strchr'; expected 'char *(const char *, int)' [-Wbuiltin-declaration-mismatch]
   72 | char strchr ();
      |      ^~~~~~
conftest.c:60:1: note: 'strchr' is declared in header '<string.h>'
   59 | # include <limits.h>
   60 | #else
configure:9403: $? = 0
configure:9403: result: yes
configure:9403: checking for strerror
configure:9403: gcc -o conftest -g -O2   conftest.c -lpthread -ldl  >&5
configure:9403: $? = 0
configure:9403: result: yes
configure:9403: checking for strncasecmp
configure:9403: gcc -o conftest -g -O2   conftest.c -lpthread -ldl  >&5
conftest.c:74:6: warning: conflicting types for built-in function 'strncasecmp'; expected 'int(const char *, const char *, long unsigned int)' [-Wbuiltin-declaration-mismatch]
   74 | char strncasecmp ();
      |      ^~~~~~~~~~~
configure:9403: $? = 0
configure:9403: result: yes
configure:9403: checking for strrchr
configure:9403: gcc -o conftest -g -O2   conftest.c -lpthread -ldl  >&5
conftest.c:75:6: warning: conflicting types for built-in function 'strrchr'; expected 'char *(const char *, int)' [-Wbuiltin-declaration-mismatch]
   75 | char strrchr ();
      |      ^~~~~~~
conftest.c:63:1: note: 'strrchr' is declared in header '<string.h>'
   62 | # include <limits.h>
   63 | #else
configure:9403: $? = 0
configure:9403: result: yes
configure:9403: checking for strstr
configure:9403: gcc -o conftest -g -O2   conftest.c -lpthread -ldl  >&5
conftest.c:76:6: warning: conflicting types for built-in function 'strstr'; expected 'char *(const char *, const char *)' [-Wbuiltin-declaration-mismatch]
   76 | char strstr ();
      |      ^~~~~~
conftest.c:64:1: note: 'strstr' is declared in header '<string.h>'
   63 | # include <limits.h>
   64 | #else
configure:9403: $? = 0
configure:9403: result: yes
configure:9403: checking for strtol
configure:9403: gcc -o conftest -g -O2   conftest.c -lpthread -ldl  >&5
configure:9403: $? = 0
configure:9403: result: yes
configure:9403: checking for strtoul
configure:9403: gcc -o conftest -g -O2   conftest.c -lpthread -ldl  >&5
configure:9403: $? = 0
configure:9403: result: yes
configure:9524: checking that generated files are newer than configure
configure:9530: result: done
configure:9553: creating ./config.status

## ---------------------- ##
## Running config.status. ##
## ---------------------- ##

This file was extended by ta-lib config.status 0.4.0, which was
generated by GNU Autoconf 2.69.  Invocation command line was

  CONFIG_FILES    = 
  CONFIG_HEADERS  = 
  CONFIG_LINKS    = 
  CONFIG_COMMANDS = 
  $ ./config.status 

on dewe-System-Product-Name

config.status:1125: creating Makefile
config.status:1125: creating src/Makefile
config.status:1125: creating src/ta_abstract/Makefile
config.status:1125: creating src/ta_common/Makefile
config.status:1125: creating src/ta_func/Makefile
config.status:1125: creating src/tools/Makefile
config.status:1125: creating src/tools/gen_code/Makefile
config.status:1125: creating src/tools/ta_regtest/Makefile
config.status:1125: creating ta-lib-config
config.status:1125: creating ta-lib.spec
config.status:1125: creating ta-lib.dpkg
config.status:1125: creating include/ta_config.h
config.status:1354: executing depfiles commands
config.status:1431: cd src/ta_abstract       && sed -e '/# am--include-marker/d' Makefile         | make -f - am--depfiles
config.status:1436: $? = 0
config.status:1431: cd src/ta_common       && sed -e '/# am--include-marker/d' Makefile         | make -f - am--depfiles
config.status:1436: $? = 0
config.status:1431: cd src/ta_func       && sed -e '/# am--include-marker/d' Makefile         | make -f - am--depfiles
config.status:1436: $? = 0
config.status:1431: cd src/tools/gen_code       && sed -e '/# am--include-marker/d' Makefile         | make -f - am--depfiles
config.status:1436: $? = 0
config.status:1431: cd src/tools/ta_regtest       && sed -e '/# am--include-marker/d' Makefile         | make -f - am--depfiles
config.status:1436: $? = 0
config.status:1354: executing libtool commands

## ---------------- ##
## Cache variables. ##
## ---------------- ##

ac_cv_build=x86_64-unknown-linux-gnu
ac_cv_c_compiler_gnu=yes
ac_cv_c_const=yes
ac_cv_c_volatile=yes
ac_cv_env_CC_set=
ac_cv_env_CC_value=
ac_cv_env_CFLAGS_set=
ac_cv_env_CFLAGS_value=
ac_cv_env_CPPFLAGS_set=
ac_cv_env_CPPFLAGS_value=
ac_cv_env_CPP_set=
ac_cv_env_CPP_value=
ac_cv_env_LDFLAGS_set=
ac_cv_env_LDFLAGS_value=
ac_cv_env_LIBS_set=
ac_cv_env_LIBS_value=
ac_cv_env_LT_SYS_LIBRARY_PATH_set=
ac_cv_env_LT_SYS_LIBRARY_PATH_value=
ac_cv_env_build_alias_set=
ac_cv_env_build_alias_value=
ac_cv_env_host_alias_set=
ac_cv_env_host_alias_value=
ac_cv_env_target_alias_set=
ac_cv_env_target_alias_value=
ac_cv_func__doprnt=no
ac_cv_func_floor=no
ac_cv_func_isascii=yes
ac_cv_func_localeconv=yes
ac_cv_func_mblen=yes
ac_cv_func_memmove=yes
ac_cv_func_memset=yes
ac_cv_func_modf=yes
ac_cv_func_pow=no
ac_cv_func_sqrt=no
ac_cv_func_strcasecmp=yes
ac_cv_func_strchr=yes
ac_cv_func_strcoll_works=yes
ac_cv_func_strerror=yes
ac_cv_func_strftime=yes
ac_cv_func_strncasecmp=yes
ac_cv_func_strrchr=yes
ac_cv_func_strstr=yes
ac_cv_func_strtod=yes
ac_cv_func_strtol=yes
ac_cv_func_strtoul=yes
ac_cv_func_vprintf=yes
ac_cv_header_dlfcn_h=yes
ac_cv_header_float_h=yes
ac_cv_header_inttypes_h=yes
ac_cv_header_limits_h=yes
ac_cv_header_locale_h=yes
ac_cv_header_memory_h=yes
ac_cv_header_stdc=yes
ac_cv_header_stddef_h=yes
ac_cv_header_stdint_h=yes
ac_cv_header_stdlib_h=yes
ac_cv_header_string_h=yes
ac_cv_header_strings_h=yes
ac_cv_header_sys_stat_h=yes
ac_cv_header_sys_types_h=yes
ac_cv_header_unistd_h=yes
ac_cv_header_wchar_h=yes
ac_cv_header_wctype_h=yes
ac_cv_host=x86_64-unknown-linux-gnu
ac_cv_lib_dl_dlopen=yes
ac_cv_lib_pthread_pthread_create=yes
ac_cv_objext=o
ac_cv_path_EGREP='/usr/bin/grep -E'
ac_cv_path_FGREP='/usr/bin/grep -F'
ac_cv_path_GREP=/usr/bin/grep
ac_cv_path_SED=/usr/bin/sed
ac_cv_path_install='/usr/bin/install -c'
ac_cv_path_lt_DD=/usr/bin/dd
ac_cv_path_mkdir=/usr/bin/mkdir
ac_cv_prog_AWK=mawk
ac_cv_prog_CPP='gcc -E'
ac_cv_prog_ac_ct_AR=ar
ac_cv_prog_ac_ct_CC=gcc
ac_cv_prog_ac_ct_MANIFEST_TOOL=mt
ac_cv_prog_ac_ct_OBJDUMP=objdump
ac_cv_prog_ac_ct_RANLIB=ranlib
ac_cv_prog_ac_ct_STRIP=strip
ac_cv_prog_cc_c89=
ac_cv_prog_cc_g=yes
ac_cv_prog_make_make_set=yes
ac_cv_struct_tm=time.h
ac_cv_type_ptrdiff_t=yes
ac_cv_type_signal=void
ac_cv_type_size_t=yes
am_cv_CC_dependencies_compiler_type=gcc3
am_cv_make_support_nested_variables=yes
am_cv_prog_cc_c_o=yes
lt_cv_ar_at_file=@
lt_cv_archive_cmds_need_lc=no
lt_cv_deplibs_check_method=pass_all
lt_cv_file_magic_cmd='$MAGIC_CMD'
lt_cv_file_magic_test_file=
lt_cv_ld_reload_flag=-r
lt_cv_nm_interface='BSD nm'
lt_cv_objdir=.libs
lt_cv_path_LD=/usr/bin/ld
lt_cv_path_NM='/usr/bin/nm -B'
lt_cv_path_mainfest_tool=no
lt_cv_prog_compiler_c_o=yes
lt_cv_prog_compiler_pic='-fPIC -DPIC'
lt_cv_prog_compiler_pic_works=yes
lt_cv_prog_compiler_rtti_exceptions=no
lt_cv_prog_compiler_static_works=yes
lt_cv_prog_gnu_ld=yes
lt_cv_sharedlib_from_linklib_cmd='printf %s\n'
lt_cv_shlibpath_overrides_runpath=yes
lt_cv_sys_global_symbol_pipe='sed -n -e '\''s/^.*[	 ]\([ABCDGIRSTW][ABCDGIRSTW]*\)[	 ][	 ]*\([_A-Za-z][_A-Za-z0-9]*\)$/\1 \2 \2/p'\'' | sed '\''/ __gnu_lto/d'\'''
lt_cv_sys_global_symbol_to_c_name_address='sed -n -e '\''s/^: \(.*\) .*$/  {"\1", (void *) 0},/p'\'' -e '\''s/^[ABCDGIRSTW][ABCDGIRSTW]* .* \(.*\)$/  {"\1", (void *) \&\1},/p'\'''
lt_cv_sys_global_symbol_to_c_name_address_lib_prefix='sed -n -e '\''s/^: \(.*\) .*$/  {"\1", (void *) 0},/p'\'' -e '\''s/^[ABCDGIRSTW][ABCDGIRSTW]* .* \(lib.*\)$/  {"\1", (void *) \&\1},/p'\'' -e '\''s/^[ABCDGIRSTW][ABCDGIRSTW]* .* \(.*\)$/  {"lib\1", (void *) \&\1},/p'\'''
lt_cv_sys_global_symbol_to_cdecl='sed -n -e '\''s/^T .* \(.*\)$/extern int \1();/p'\'' -e '\''s/^[ABCDGIRSTW][ABCDGIRSTW]* .* \(.*\)$/extern char \1;/p'\'''
lt_cv_sys_global_symbol_to_import=
lt_cv_sys_max_cmd_len=1572864
lt_cv_to_host_file_cmd=func_convert_file_noop
lt_cv_to_tool_file_cmd=func_convert_file_noop
lt_cv_truncate_bin='/usr/bin/dd bs=4096 count=1'

## ----------------- ##
## Output variables. ##
## ----------------- ##

ACLOCAL='${SHELL} /home/dewe/Downloads/ta-lib-0.4.0-src/ta-lib/missing aclocal-1.16'
AMDEPBACKSLASH='\'
AMDEP_FALSE='#'
AMDEP_TRUE=''
AMTAR='$${TAR-tar}'
AM_BACKSLASH='\'
AM_DEFAULT_V='$(AM_DEFAULT_VERBOSITY)'
AM_DEFAULT_VERBOSITY='1'
AM_V='$(V)'
AR='ar'
AUTOCONF='${SHELL} /home/dewe/Downloads/ta-lib-0.4.0-src/ta-lib/missing autoconf'
AUTOHEADER='${SHELL} /home/dewe/Downloads/ta-lib-0.4.0-src/ta-lib/missing autoheader'
AUTOMAKE='${SHELL} /home/dewe/Downloads/ta-lib-0.4.0-src/ta-lib/missing automake-1.16'
AWK='mawk'
CC='gcc'
CCDEPMODE='depmode=gcc3'
CFLAGS='-g -O2'
CPP='gcc -E'
CPPFLAGS=''
CYGPATH_W='echo'
DEFS='-DHAVE_CONFIG_H'
DEPDIR='.deps'
DLLTOOL='false'
DSYMUTIL=''
DUMPBIN=''
ECHO_C=''
ECHO_N='-n'
ECHO_T=''
EGREP='/usr/bin/grep -E'
EXEEXT=''
FGREP='/usr/bin/grep -F'
GREP='/usr/bin/grep'
INSTALL_DATA='${INSTALL} -m 644'
INSTALL_PROGRAM='${INSTALL}'
INSTALL_SCRIPT='${INSTALL}'
INSTALL_STRIP_PROGRAM='$(install_sh) -c -s'
LD='/usr/bin/ld -m elf_x86_64'
LDFLAGS=''
LIBOBJS=''
LIBS='-lpthread -ldl '
LIBTOOL='$(SHELL) $(top_builddir)/libtool'
LIPO=''
LN_S='ln -s'
LTLIBOBJS=''
LT_SYS_LIBRARY_PATH=''
MAKEINFO='${SHELL} /home/dewe/Downloads/ta-lib-0.4.0-src/ta-lib/missing makeinfo'
MANIFEST_TOOL=':'
MKDIR_P='/usr/bin/mkdir -p'
NM='/usr/bin/nm -B'
NMEDIT=''
OBJDUMP='objdump'
OBJEXT='o'
OTOOL64=''
OTOOL=''
PACKAGE='ta-lib'
PACKAGE_BUGREPORT='http://sourceforge.net/tracker/?group_id=8903&atid=108903'
PACKAGE_NAME='ta-lib'
PACKAGE_STRING='ta-lib 0.4.0'
PACKAGE_TARNAME='ta-lib'
PACKAGE_URL=''
PACKAGE_VERSION='0.4.0'
PATH_SEPARATOR=':'
POW_LIB=''
RANLIB='ranlib'
SED='/usr/bin/sed'
SET_MAKE=''
SHELL='/bin/bash'
STRIP='strip'
TALIB_LIBRARY_VERSION='0:0:0'
VERSION='0.4.0'
ac_ct_AR='ar'
ac_ct_CC='gcc'
ac_ct_DUMPBIN=''
am__EXEEXT_FALSE=''
am__EXEEXT_TRUE='#'
am__fastdepCC_FALSE='#'
am__fastdepCC_TRUE=''
am__include='include'
am__isrc=''
am__leading_dot='.'
am__nodep='_no'
am__quote=''
am__tar='$${TAR-tar} chof - "$$tardir"'
am__untar='$${TAR-tar} xf -'
bindir='${exec_prefix}/bin'
build='x86_64-unknown-linux-gnu'
build_alias=''
build_cpu='x86_64'
build_os='linux-gnu'
build_vendor='unknown'
datadir='${datarootdir}'
datarootdir='${prefix}/share'
docdir='${datarootdir}/doc/${PACKAGE_TARNAME}'
dvidir='${docdir}'
exec_prefix='${prefix}'
host='x86_64-unknown-linux-gnu'
host_alias=''
host_cpu='x86_64'
host_os='linux-gnu'
host_vendor='unknown'
htmldir='${docdir}'
includedir='${prefix}/include'
infodir='${datarootdir}/info'
install_sh='${SHELL} /home/dewe/Downloads/ta-lib-0.4.0-src/ta-lib/install-sh'
libdir='${exec_prefix}/lib'
libexecdir='${exec_prefix}/libexec'
localedir='${datarootdir}/locale'
localstatedir='${prefix}/var'
mandir='${datarootdir}/man'
mkdir_p='$(MKDIR_P)'
oldincludedir='/usr/include'
pdfdir='${docdir}'
prefix='/usr'
program_transform_name='s,x,x,'
psdir='${docdir}'
runstatedir='${localstatedir}/run'
sbindir='${exec_prefix}/sbin'
sharedstatedir='${prefix}/com'
sysconfdir='${prefix}/etc'
target_alias=''

## ----------- ##
## confdefs.h. ##
## ----------- ##

/* confdefs.h */
#define PACKAGE_NAME "ta-lib"
#define PACKAGE_TARNAME "ta-lib"
#define PACKAGE_VERSION "0.4.0"
#define PACKAGE_STRING "ta-lib 0.4.0"
#define PACKAGE_BUGREPORT "http://sourceforge.net/tracker/?group_id=8903&atid=108903"
#define PACKAGE_URL ""
#define PACKAGE "ta-lib"
#define VERSION "0.4.0"
#define STDC_HEADERS 1
#define HAVE_SYS_TYPES_H 1
#define HAVE_SYS_STAT_H 1
#define HAVE_STDLIB_H 1
#define HAVE_STRING_H 1
#define HAVE_MEMORY_H 1
#define HAVE_STRINGS_H 1
#define HAVE_INTTYPES_H 1
#define HAVE_STDINT_H 1
#define HAVE_UNISTD_H 1
#define HAVE_DLFCN_H 1
#define LT_OBJDIR ".libs/"
#define HAVE_LIBDL 1
#define HAVE_LIBPTHREAD 1
#define STDC_HEADERS 1
#define HAVE_FLOAT_H 1
#define HAVE_INTTYPES_H 1
#define HAVE_LIMITS_H 1
#define HAVE_LOCALE_H 1
#define HAVE_STDDEF_H 1
#define HAVE_STDINT_H 1
#define HAVE_STDLIB_H 1
#define HAVE_STRING_H 1
#define HAVE_UNISTD_H 1
#define HAVE_WCHAR_H 1
#define HAVE_WCTYPE_H 1
#define HAVE_PTRDIFF_T 1
#define RETSIGTYPE void
#define HAVE_STRCOLL 1
#define HAVE_STRFTIME 1
#define HAVE_VPRINTF 1
#define HAVE_ISASCII 1
#define HAVE_LOCALECONV 1
#define HAVE_MBLEN 1
#define HAVE_MEMMOVE 1
#define HAVE_MEMSET 1
#define HAVE_MODF 1
#define HAVE_STRCASECMP 1
#define HAVE_STRCHR 1
#define HAVE_STRERROR 1
#define HAVE_STRNCASECMP 1
#define HAVE_STRRCHR 1
#define HAVE_STRSTR 1
#define HAVE_STRTOL 1
#define HAVE_STRTOUL 1

configure: exit 0
